{"/Users/anthonyshaw/Projects_Javascript/techTests/bankingApp/bankModel.js": {"path":"/Users/anthonyshaw/Projects_Javascript/techTests/bankingApp/bankModel.js","statementMap":{"0":{"start":{"line":3,"column":4},"end":{"line":3,"column":23}},"1":{"start":{"line":4,"column":4},"end":{"line":4,"column":30}},"2":{"start":{"line":8,"column":4},"end":{"line":8,"column":24}},"3":{"start":{"line":12,"column":4},"end":{"line":12,"column":32}},"4":{"start":{"line":16,"column":4},"end":{"line":16,"column":27}},"5":{"start":{"line":17,"column":4},"end":{"line":17,"column":48}},"6":{"start":{"line":21,"column":4},"end":{"line":21,"column":27}},"7":{"start":{"line":22,"column":4},"end":{"line":22,"column":49}},"8":{"start":{"line":26,"column":15},"end":{"line":26,"column":25}},"9":{"start":{"line":27,"column":25},"end":{"line":27,"column":27}},"10":{"start":{"line":28,"column":16},"end":{"line":28,"column":48}},"11":{"start":{"line":29,"column":18},"end":{"line":29,"column":57}},"12":{"start":{"line":30,"column":17},"end":{"line":30,"column":35}},"13":{"start":{"line":31,"column":4},"end":{"line":31,"column":54}},"14":{"start":{"line":32,"column":4},"end":{"line":32,"column":45}},"15":{"start":{"line":33,"column":4},"end":{"line":33,"column":45}},"16":{"start":{"line":34,"column":4},"end":{"line":34,"column":46}},"17":{"start":{"line":38,"column":0},"end":{"line":38,"column":27}}},"fnMap":{"0":{"name":"(anonymous_0)","decl":{"start":{"line":2,"column":2},"end":{"line":2,"column":3}},"loc":{"start":{"line":2,"column":16},"end":{"line":5,"column":3}},"line":2},"1":{"name":"(anonymous_1)","decl":{"start":{"line":7,"column":2},"end":{"line":7,"column":3}},"loc":{"start":{"line":7,"column":15},"end":{"line":9,"column":3}},"line":7},"2":{"name":"(anonymous_2)","decl":{"start":{"line":11,"column":2},"end":{"line":11,"column":3}},"loc":{"start":{"line":11,"column":20},"end":{"line":13,"column":3}},"line":11},"3":{"name":"(anonymous_3)","decl":{"start":{"line":15,"column":2},"end":{"line":15,"column":3}},"loc":{"start":{"line":15,"column":18},"end":{"line":18,"column":3}},"line":15},"4":{"name":"(anonymous_4)","decl":{"start":{"line":20,"column":2},"end":{"line":20,"column":3}},"loc":{"start":{"line":20,"column":19},"end":{"line":23,"column":3}},"line":20},"5":{"name":"(anonymous_5)","decl":{"start":{"line":25,"column":2},"end":{"line":25,"column":3}},"loc":{"start":{"line":25,"column":49},"end":{"line":35,"column":3}},"line":25}},"branchMap":{},"s":{"0":8,"1":8,"2":3,"3":5,"4":6,"5":6,"6":4,"7":4,"8":10,"9":10,"10":10,"11":10,"12":10,"13":10,"14":10,"15":10,"16":10,"17":1},"f":{"0":8,"1":3,"2":5,"3":6,"4":4,"5":10},"b":{},"_coverageSchema":"1a1c01bbd47fc00a2c39e90264f33305004495a9","hash":"126d24945433b8eb6fe1ed0fe09671f5881437c3"}
}
