TN:
SF:dateFormatModel.js
FN:2,(anonymous_0)
FN:6,(anonymous_1)
FNF:2
FNH:2
FNDA:9,(anonymous_0)
FNDA:15,(anonymous_1)
DA:3,9
DA:7,15
DA:8,15
DA:9,15
DA:10,15
DA:11,15
DA:15,2
LF:7
LH:7
BRF:0
BRH:0
end_of_record
TN:
SF:statementModel.js
FN:2,(anonymous_0)
FN:6,(anonymous_1)
FN:12,(anonymous_2)
FNF:3
FNH:3
FNDA:9,(anonymous_0)
FNDA:5,(anonymous_1)
FNDA:4,(anonymous_2)
DA:3,9
DA:7,5
DA:8,5
DA:13,4
DA:28,1
LF:5
LH:5
BRDA:8,0,0,2
BRDA:8,0,1,3
BRDA:15,1,0,2
BRDA:15,1,1,2
BRDA:19,2,0,2
BRDA:19,2,1,2
BRF:6
BRH:6
end_of_record
TN:
SF:transactionModel.js
FN:4,(anonymous_0)
FN:10,(anonymous_1)
FN:14,(anonymous_2)
FN:18,(anonymous_3)
FN:23,(anonymous_4)
FN:28,(anonymous_5)
FN:36,(anonymous_6)
FNF:7
FNH:7
FNDA:8,(anonymous_0)
FNDA:13,(anonymous_1)
FNDA:5,(anonymous_2)
FNDA:6,(anonymous_3)
FNDA:4,(anonymous_4)
FNDA:10,(anonymous_5)
FNDA:13,(anonymous_6)
DA:1,1
DA:5,8
DA:6,8
DA:7,8
DA:11,13
DA:15,5
DA:19,6
DA:20,6
DA:24,4
DA:25,4
DA:29,10
DA:30,10
DA:31,10
DA:32,10
DA:33,10
DA:37,13
DA:41,1
LF:17
LH:17
BRF:0
BRH:0
end_of_record
