TN:
SF:account.js
FN:6,(anonymous_0)
FN:12,(anonymous_1)
FN:16,(anonymous_2)
FN:20,(anonymous_3)
FNF:4
FNH:4
FNDA:5,(anonymous_0)
FNDA:3,(anonymous_1)
FNDA:1,(anonymous_2)
FNDA:1,(anonymous_3)
DA:1,1
DA:2,1
DA:3,1
DA:7,5
DA:8,5
DA:9,5
DA:13,3
DA:17,1
DA:21,1
DA:27,1
LF:10
LH:10
BRF:0
BRH:0
end_of_record
TN:
SF:models/dateFormatModel.js
FN:2,(anonymous_0)
FNF:1
FNH:1
FNDA:1,(anonymous_0)
DA:3,1
DA:4,1
DA:5,1
DA:6,1
DA:7,1
DA:8,1
DA:12,2
LF:7
LH:7
BRF:0
BRH:0
end_of_record
TN:
SF:models/statementModel.js
FN:2,(anonymous_0)
FN:7,(anonymous_1)
FN:16,(anonymous_2)
FN:25,(anonymous_3)
FN:33,(anonymous_4)
FN:34,(anonymous_5)
FN:43,(anonymous_6)
FNF:7
FNH:7
FNDA:5,(anonymous_0)
FNDA:4,(anonymous_1)
FNDA:4,(anonymous_2)
FNDA:5,(anonymous_3)
FNDA:3,(anonymous_4)
FNDA:4,(anonymous_5)
FNDA:5,(anonymous_6)
DA:3,5
DA:4,5
DA:8,4
DA:9,2
DA:11,2
DA:12,2
DA:17,4
DA:18,2
DA:20,2
DA:21,2
DA:26,5
DA:27,2
DA:29,3
DA:34,3
DA:35,4
DA:44,5
DA:45,5
DA:49,8
DA:53,2
LF:19
LH:19
BRDA:8,0,0,2
BRDA:8,0,1,2
BRDA:17,1,0,2
BRDA:17,1,1,2
BRDA:26,2,0,2
BRDA:26,2,1,3
BRF:6
BRH:6
end_of_record
TN:
SF:models/transactionModel.js
FN:2,(anonymous_0)
FN:6,(anonymous_1)
FN:10,(anonymous_2)
FNF:3
FNH:3
FNDA:5,(anonymous_0)
FNDA:5,(anonymous_1)
FNDA:8,(anonymous_2)
DA:3,5
DA:7,5
DA:11,8
DA:12,8
DA:13,8
DA:14,8
DA:18,2
LF:7
LH:7
BRF:0
BRH:0
end_of_record
